  [1m[36m (20.7ms)[0m  [1mCREATE TABLE "has_one_serializer_tests" ("id" INTEGER PRIMARY KEY AUTOINCREMENT NOT NULL, "associated_test_id" integer) [0m
  [1m[35m (1.9ms)[0m  CREATE TABLE "associated_tests" ("id" INTEGER PRIMARY KEY AUTOINCREMENT NOT NULL, "associated_through_test_id" integer) 
  [1m[36m (0.8ms)[0m  [1mCREATE TABLE "associated_through_tests" ("id" INTEGER PRIMARY KEY AUTOINCREMENT NOT NULL, "name" varchar(255)) [0m
  [1m[35m (1.8ms)[0m  DROP TABLE "associated_through_tests"
  [1m[36m (0.8ms)[0m  [1mDROP TABLE "associated_tests"[0m
  [1m[35m (0.9ms)[0m  DROP TABLE "has_one_serializer_tests"
  [1m[36m (0.8ms)[0m  [1mCREATE TABLE "render_json_meta_tests" ("id" INTEGER PRIMARY KEY AUTOINCREMENT NOT NULL, "name" varchar(255)) [0m
  [1m[35m (0.7ms)[0m  CREATE TABLE "associated_render_json_meta_tests" ("id" INTEGER PRIMARY KEY AUTOINCREMENT NOT NULL, "name" varchar(255), "render_json_meta_test_id" integer) 
  [1m[36m (0.9ms)[0m  [1mDROP TABLE "associated_render_json_meta_tests"[0m
  [1m[35m (0.6ms)[0m  DROP TABLE "render_json_meta_tests"
  [1m[36m (0.7ms)[0m  [1mCREATE TABLE "nested_attribute_tests" ("id" INTEGER PRIMARY KEY AUTOINCREMENT NOT NULL, "name" varchar(255)) [0m
  [1m[35m (0.6ms)[0m  CREATE TABLE "assoc_nested_attribute_tests" ("id" INTEGER PRIMARY KEY AUTOINCREMENT NOT NULL, "name" varchar(255), "nested_attribute_test_id" integer) 
  [1m[36m (0.9ms)[0m  [1mDROP TABLE "assoc_nested_attribute_tests"[0m
  [1m[35m (0.9ms)[0m  DROP TABLE "nested_attribute_tests"
  [1m[36m (7.0ms)[0m  [1mCREATE TABLE "render_json_meta_tests" ("id" INTEGER PRIMARY KEY AUTOINCREMENT NOT NULL, "name" varchar(255)) [0m
  [1m[35m (0.8ms)[0m  CREATE TABLE "associated_render_json_meta_tests" ("id" INTEGER PRIMARY KEY AUTOINCREMENT NOT NULL, "name" varchar(255), "render_json_meta_test_id" integer) 
  [1m[36m (1.2ms)[0m  [1mDROP TABLE "associated_render_json_meta_tests"[0m
  [1m[35m (0.9ms)[0m  DROP TABLE "render_json_meta_tests"
  [1m[36m (0.8ms)[0m  [1mCREATE TABLE "has_one_serializer_tests" ("id" INTEGER PRIMARY KEY AUTOINCREMENT NOT NULL, "associated_test_id" integer) [0m
  [1m[35m (1.0ms)[0m  CREATE TABLE "associated_tests" ("id" INTEGER PRIMARY KEY AUTOINCREMENT NOT NULL, "associated_through_test_id" integer) 
  [1m[36m (1.1ms)[0m  [1mCREATE TABLE "associated_through_tests" ("id" INTEGER PRIMARY KEY AUTOINCREMENT NOT NULL, "name" varchar(255)) [0m
  [1m[35m (0.8ms)[0m  DROP TABLE "associated_through_tests"
  [1m[36m (0.6ms)[0m  [1mDROP TABLE "associated_tests"[0m
  [1m[35m (0.6ms)[0m  DROP TABLE "has_one_serializer_tests"
  [1m[36m (0.8ms)[0m  [1mCREATE TABLE "nested_attribute_tests" ("id" INTEGER PRIMARY KEY AUTOINCREMENT NOT NULL, "name" varchar(255)) [0m
  [1m[35m (0.6ms)[0m  CREATE TABLE "assoc_nested_attribute_tests" ("id" INTEGER PRIMARY KEY AUTOINCREMENT NOT NULL, "name" varchar(255), "nested_attribute_test_id" integer) 
  [1m[36m (0.8ms)[0m  [1mDROP TABLE "assoc_nested_attribute_tests"[0m
  [1m[35m (1.0ms)[0m  DROP TABLE "nested_attribute_tests"
  [1m[36m (7.0ms)[0m  [1mCREATE TABLE "render_json_meta_tests" ("id" INTEGER PRIMARY KEY AUTOINCREMENT NOT NULL, "name" varchar(255)) [0m
  [1m[35m (0.8ms)[0m  CREATE TABLE "associated_render_json_meta_tests" ("id" INTEGER PRIMARY KEY AUTOINCREMENT NOT NULL, "name" varchar(255), "render_json_meta_test_id" integer) 
  [1m[36m (1.0ms)[0m  [1mDROP TABLE "associated_render_json_meta_tests"[0m
  [1m[35m (0.9ms)[0m  DROP TABLE "render_json_meta_tests"
  [1m[36m (1.0ms)[0m  [1mCREATE TABLE "nested_attribute_tests" ("id" INTEGER PRIMARY KEY AUTOINCREMENT NOT NULL, "name" varchar(255)) [0m
  [1m[35m (0.8ms)[0m  CREATE TABLE "assoc_nested_attribute_tests" ("id" INTEGER PRIMARY KEY AUTOINCREMENT NOT NULL, "name" varchar(255), "nested_attribute_test_id" integer) 
  [1m[36m (1.2ms)[0m  [1mDROP TABLE "assoc_nested_attribute_tests"[0m
  [1m[35m (1.0ms)[0m  DROP TABLE "nested_attribute_tests"
  [1m[36m (0.9ms)[0m  [1mCREATE TABLE "has_one_serializer_tests" ("id" INTEGER PRIMARY KEY AUTOINCREMENT NOT NULL, "associated_test_id" integer) [0m
  [1m[35m (0.8ms)[0m  CREATE TABLE "associated_tests" ("id" INTEGER PRIMARY KEY AUTOINCREMENT NOT NULL, "associated_through_test_id" integer) 
  [1m[36m (0.7ms)[0m  [1mCREATE TABLE "associated_through_tests" ("id" INTEGER PRIMARY KEY AUTOINCREMENT NOT NULL, "name" varchar(255)) [0m
  [1m[35m (1.1ms)[0m  DROP TABLE "associated_through_tests"
  [1m[36m (0.6ms)[0m  [1mDROP TABLE "associated_tests"[0m
  [1m[35m (0.7ms)[0m  DROP TABLE "has_one_serializer_tests"
  [1m[36m (7.1ms)[0m  [1mCREATE TABLE "nested_attribute_tests" ("id" INTEGER PRIMARY KEY AUTOINCREMENT NOT NULL, "name" varchar(255)) [0m
  [1m[35m (0.7ms)[0m  CREATE TABLE "assoc_nested_attribute_tests" ("id" INTEGER PRIMARY KEY AUTOINCREMENT NOT NULL, "name" varchar(255), "nested_attribute_test_id" integer) 
  [1m[36m (1.1ms)[0m  [1mDROP TABLE "assoc_nested_attribute_tests"[0m
  [1m[35m (0.7ms)[0m  DROP TABLE "nested_attribute_tests"
  [1m[36m (1.1ms)[0m  [1mCREATE TABLE "render_json_meta_tests" ("id" INTEGER PRIMARY KEY AUTOINCREMENT NOT NULL, "name" varchar(255)) [0m
  [1m[35m (0.6ms)[0m  CREATE TABLE "associated_render_json_meta_tests" ("id" INTEGER PRIMARY KEY AUTOINCREMENT NOT NULL, "name" varchar(255), "render_json_meta_test_id" integer) 
  [1m[36m (1.1ms)[0m  [1mDROP TABLE "associated_render_json_meta_tests"[0m
  [1m[35m (0.8ms)[0m  DROP TABLE "render_json_meta_tests"
  [1m[36m (1.0ms)[0m  [1mCREATE TABLE "has_one_serializer_tests" ("id" INTEGER PRIMARY KEY AUTOINCREMENT NOT NULL, "associated_test_id" integer) [0m
  [1m[35m (0.9ms)[0m  CREATE TABLE "associated_tests" ("id" INTEGER PRIMARY KEY AUTOINCREMENT NOT NULL, "associated_through_test_id" integer) 
  [1m[36m (0.8ms)[0m  [1mCREATE TABLE "associated_through_tests" ("id" INTEGER PRIMARY KEY AUTOINCREMENT NOT NULL, "name" varchar(255)) [0m
  [1m[35m (0.9ms)[0m  DROP TABLE "associated_through_tests"
  [1m[36m (0.7ms)[0m  [1mDROP TABLE "associated_tests"[0m
  [1m[35m (0.7ms)[0m  DROP TABLE "has_one_serializer_tests"
  [1m[36m (7.3ms)[0m  [1mCREATE TABLE "nested_attribute_tests" ("id" INTEGER PRIMARY KEY AUTOINCREMENT NOT NULL, "name" varchar(255)) [0m
  [1m[35m (1.1ms)[0m  CREATE TABLE "assoc_nested_attribute_tests" ("id" INTEGER PRIMARY KEY AUTOINCREMENT NOT NULL, "name" varchar(255), "nested_attribute_test_id" integer) 
  [1m[36m (0.1ms)[0m  [1mbegin transaction[0m
  [1m[35mSQL (0.3ms)[0m  INSERT INTO "nested_attribute_tests" ("name") VALUES (?)  [["name", "Enrique Predovic"]]
  [1m[36m (0.6ms)[0m  [1mcommit transaction[0m
  [1m[35m (0.0ms)[0m  begin transaction
  [1m[36m (0.0ms)[0m  [1mcommit transaction[0m
  [1m[35mAssocNestedAttributeTest Load (1.8ms)[0m  SELECT "assoc_nested_attribute_tests".* FROM "assoc_nested_attribute_tests" WHERE "assoc_nested_attribute_tests"."nested_attribute_test_id" = ?  [["nested_attribute_test_id", 1]]
  [1m[36m (0.1ms)[0m  [1mbegin transaction[0m
  [1m[35mSQL (0.2ms)[0m  INSERT INTO "nested_attribute_tests" ("name") VALUES (?)  [["name", "Ian Mohr DVM"]]
  [1m[36m (0.9ms)[0m  [1mcommit transaction[0m
  [1m[35m (0.1ms)[0m  begin transaction
  [1m[36mSQL (0.5ms)[0m  [1mINSERT INTO "assoc_nested_attribute_tests" ("name", "nested_attribute_test_id") VALUES (?, ?)[0m  [["name", "foo"], ["nested_attribute_test_id", 2]]
  [1m[35mSQL (0.1ms)[0m  INSERT INTO "assoc_nested_attribute_tests" ("name", "nested_attribute_test_id") VALUES (?, ?)  [["name", "bar"], ["nested_attribute_test_id", 2]]
  [1m[36m (0.7ms)[0m  [1mcommit transaction[0m
  [1m[35mAssocNestedAttributeTest Load (0.1ms)[0m  SELECT "assoc_nested_attribute_tests".* FROM "assoc_nested_attribute_tests" WHERE "assoc_nested_attribute_tests"."nested_attribute_test_id" = ?  [["nested_attribute_test_id", 2]]
  [1m[36m (0.1ms)[0m  [1mbegin transaction[0m
  [1m[35mSQL (0.2ms)[0m  INSERT INTO "nested_attribute_tests" ("name") VALUES (?)  [["name", "Mervin Barton"]]
  [1m[36m (0.6ms)[0m  [1mcommit transaction[0m
  [1m[35m (0.0ms)[0m  begin transaction
  [1m[36mSQL (0.2ms)[0m  [1mINSERT INTO "assoc_nested_attribute_tests" ("name") VALUES (?)[0m  [["name", "Rachelle Bergnaum Sr."]]
  [1m[35m (0.7ms)[0m  commit transaction
  [1m[36m (0.0ms)[0m  [1mbegin transaction[0m
  [1m[35mSQL (0.3ms)[0m  UPDATE "assoc_nested_attribute_tests" SET "nested_attribute_test_id" = ? WHERE "assoc_nested_attribute_tests"."id" = 3  [["nested_attribute_test_id", 3]]
  [1m[36m (0.8ms)[0m  [1mcommit transaction[0m
  [1m[35m (0.2ms)[0m  SELECT "assoc_nested_attribute_tests"."id" FROM "assoc_nested_attribute_tests" WHERE "assoc_nested_attribute_tests"."nested_attribute_test_id" = ? AND "assoc_nested_attribute_tests"."id" IN (3)  [["nested_attribute_test_id", 3]]
  [1m[36m (0.0ms)[0m  [1mbegin transaction[0m
  [1m[35m (0.0ms)[0m  commit transaction
  [1m[36mAssocNestedAttributeTest Load (0.2ms)[0m  [1mSELECT "assoc_nested_attribute_tests".* FROM "assoc_nested_attribute_tests" WHERE "assoc_nested_attribute_tests"."nested_attribute_test_id" = ? AND "assoc_nested_attribute_tests"."id" IN (3)[0m  [["nested_attribute_test_id", 3]]
  [1m[35m (0.0ms)[0m  begin transaction
  [1m[36m (0.0ms)[0m  [1mcommit transaction[0m
  [1m[35m (0.1ms)[0m  SELECT COUNT(*) FROM "assoc_nested_attribute_tests" WHERE "assoc_nested_attribute_tests"."nested_attribute_test_id" = ?  [["nested_attribute_test_id", 3]]
  [1m[36mAssocNestedAttributeTest Load (0.1ms)[0m  [1mSELECT "assoc_nested_attribute_tests".* FROM "assoc_nested_attribute_tests" WHERE "assoc_nested_attribute_tests"."nested_attribute_test_id" = ? ORDER BY "assoc_nested_attribute_tests"."id" ASC LIMIT 1[0m  [["nested_attribute_test_id", 3]]
  [1m[35m (0.1ms)[0m  begin transaction
  [1m[36mSQL (0.2ms)[0m  [1mINSERT INTO "nested_attribute_tests" ("name") VALUES (?)[0m  [["name", "Dr. Hilario Lemke"]]
  [1m[35m (0.8ms)[0m  commit transaction
  [1m[36m (0.0ms)[0m  [1mbegin transaction[0m
  [1m[35mSQL (0.2ms)[0m  INSERT INTO "assoc_nested_attribute_tests" ("name") VALUES (?)  [["name", "Miss Glennie O'Connell"]]
  [1m[36m (0.6ms)[0m  [1mcommit transaction[0m
  [1m[35m (0.2ms)[0m  SELECT "assoc_nested_attribute_tests"."id" FROM "assoc_nested_attribute_tests" WHERE "assoc_nested_attribute_tests"."nested_attribute_test_id" = ? AND "assoc_nested_attribute_tests"."id" IN (4)  [["nested_attribute_test_id", 4]]
  [1m[36mAssocNestedAttributeTest Load (0.1ms)[0m  [1mSELECT "assoc_nested_attribute_tests".* FROM "assoc_nested_attribute_tests" WHERE "assoc_nested_attribute_tests"."id" = ? LIMIT 1[0m  [["id", "4"]]
  [1m[35m (0.0ms)[0m  begin transaction
  [1m[36mSQL (0.2ms)[0m  [1mUPDATE "assoc_nested_attribute_tests" SET "nested_attribute_test_id" = ? WHERE "assoc_nested_attribute_tests"."id" = 4[0m  [["nested_attribute_test_id", 4]]
  [1m[35m (0.5ms)[0m  commit transaction
  [1m[36mAssocNestedAttributeTest Load (0.1ms)[0m  [1mSELECT "assoc_nested_attribute_tests".* FROM "assoc_nested_attribute_tests" WHERE "assoc_nested_attribute_tests"."nested_attribute_test_id" = ? AND "assoc_nested_attribute_tests"."id" IN (4)[0m  [["nested_attribute_test_id", 4]]
  [1m[35m (0.0ms)[0m  begin transaction
  [1m[36mSQL (0.2ms)[0m  [1mUPDATE "assoc_nested_attribute_tests" SET "name" = ? WHERE "assoc_nested_attribute_tests"."id" = 4[0m  [["name", "Foozle Cumberbunch"]]
  [1m[35m (0.4ms)[0m  commit transaction
  [1m[36m (0.1ms)[0m  [1mSELECT COUNT(*) FROM "assoc_nested_attribute_tests" WHERE "assoc_nested_attribute_tests"."nested_attribute_test_id" = ?[0m  [["nested_attribute_test_id", 4]]
  [1m[35mAssocNestedAttributeTest Load (0.1ms)[0m  SELECT "assoc_nested_attribute_tests".* FROM "assoc_nested_attribute_tests" WHERE "assoc_nested_attribute_tests"."nested_attribute_test_id" = ? ORDER BY "assoc_nested_attribute_tests"."id" ASC LIMIT 1  [["nested_attribute_test_id", 4]]
  [1m[36m (0.1ms)[0m  [1mbegin transaction[0m
  [1m[35mSQL (0.3ms)[0m  INSERT INTO "nested_attribute_tests" ("name") VALUES (?)  [["name", "Jackie Nader"]]
  [1m[36m (0.7ms)[0m  [1mcommit transaction[0m
  [1m[35m (0.0ms)[0m  begin transaction
  [1m[36mSQL (0.2ms)[0m  [1mINSERT INTO "assoc_nested_attribute_tests" ("name") VALUES (?)[0m  [["name", "Delbert Hilpert III"]]
  [1m[35m (0.6ms)[0m  commit transaction
  [1m[36m (0.0ms)[0m  [1mbegin transaction[0m
  [1m[35mSQL (0.3ms)[0m  UPDATE "assoc_nested_attribute_tests" SET "nested_attribute_test_id" = ? WHERE "assoc_nested_attribute_tests"."id" = 5  [["nested_attribute_test_id", 5]]
  [1m[36m (0.7ms)[0m  [1mcommit transaction[0m
  [1m[35m (0.0ms)[0m  begin transaction
  [1m[36m (0.1ms)[0m  [1mSELECT "assoc_nested_attribute_tests"."id" FROM "assoc_nested_attribute_tests" WHERE "assoc_nested_attribute_tests"."nested_attribute_test_id" = ? AND "assoc_nested_attribute_tests"."id" IN (5)[0m  [["nested_attribute_test_id", 5]]
  [1m[35mAssocNestedAttributeTest Load (0.1ms)[0m  SELECT "assoc_nested_attribute_tests".* FROM "assoc_nested_attribute_tests" WHERE "assoc_nested_attribute_tests"."nested_attribute_test_id" = ? AND "assoc_nested_attribute_tests"."id" IN (5)  [["nested_attribute_test_id", 5]]
  [1m[36mSQL (0.2ms)[0m  [1mUPDATE "assoc_nested_attribute_tests" SET "name" = ? WHERE "assoc_nested_attribute_tests"."id" = 5[0m  [["name", "Foozle Cumberbunch"]]
  [1m[35m (0.9ms)[0m  commit transaction
  [1m[36m (0.1ms)[0m  [1mSELECT COUNT(*) FROM "assoc_nested_attribute_tests" WHERE "assoc_nested_attribute_tests"."nested_attribute_test_id" = ?[0m  [["nested_attribute_test_id", 5]]
  [1m[35mAssocNestedAttributeTest Load (0.1ms)[0m  SELECT "assoc_nested_attribute_tests".* FROM "assoc_nested_attribute_tests" WHERE "assoc_nested_attribute_tests"."nested_attribute_test_id" = ? ORDER BY "assoc_nested_attribute_tests"."id" ASC LIMIT 1  [["nested_attribute_test_id", 5]]
  [1m[36m (0.1ms)[0m  [1mbegin transaction[0m
  [1m[35mSQL (0.2ms)[0m  INSERT INTO "nested_attribute_tests" ("name") VALUES (?)  [["name", "Garrett Grady"]]
  [1m[36m (0.4ms)[0m  [1mcommit transaction[0m
  [1m[35m (0.0ms)[0m  begin transaction
  [1m[36mSQL (0.2ms)[0m  [1mINSERT INTO "assoc_nested_attribute_tests" ("name") VALUES (?)[0m  [["name", "Mathew Kautzer"]]
  [1m[35m (0.6ms)[0m  commit transaction
  [1m[36m (0.2ms)[0m  [1mSELECT "assoc_nested_attribute_tests"."id" FROM "assoc_nested_attribute_tests" WHERE "assoc_nested_attribute_tests"."nested_attribute_test_id" = ? AND "assoc_nested_attribute_tests"."id" IN (6)[0m  [["nested_attribute_test_id", 6]]
  [1m[35mAssocNestedAttributeTest Load (0.1ms)[0m  SELECT "assoc_nested_attribute_tests".* FROM "assoc_nested_attribute_tests" WHERE "assoc_nested_attribute_tests"."id" = ? LIMIT 1  [["id", "6"]]
  [1m[36m (0.0ms)[0m  [1mbegin transaction[0m
  [1m[35mSQL (0.2ms)[0m  UPDATE "assoc_nested_attribute_tests" SET "nested_attribute_test_id" = ? WHERE "assoc_nested_attribute_tests"."id" = 6  [["nested_attribute_test_id", 6]]
  [1m[36m (0.9ms)[0m  [1mcommit transaction[0m
  [1m[35mAssocNestedAttributeTest Load (0.1ms)[0m  SELECT "assoc_nested_attribute_tests".* FROM "assoc_nested_attribute_tests" WHERE "assoc_nested_attribute_tests"."nested_attribute_test_id" = ? AND "assoc_nested_attribute_tests"."id" IN (6)  [["nested_attribute_test_id", 6]]
  [1m[36m (0.0ms)[0m  [1mbegin transaction[0m
  [1m[35mSQL (0.2ms)[0m  UPDATE "assoc_nested_attribute_tests" SET "name" = ? WHERE "assoc_nested_attribute_tests"."id" = 6  [["name", "Foozle Cumberbunch"]]
  [1m[36m (0.6ms)[0m  [1mcommit transaction[0m
  [1m[35m (0.1ms)[0m  SELECT COUNT(*) FROM "assoc_nested_attribute_tests" WHERE "assoc_nested_attribute_tests"."nested_attribute_test_id" = ?  [["nested_attribute_test_id", 6]]
  [1m[36mAssocNestedAttributeTest Load (0.1ms)[0m  [1mSELECT "assoc_nested_attribute_tests".* FROM "assoc_nested_attribute_tests" WHERE "assoc_nested_attribute_tests"."nested_attribute_test_id" = ? ORDER BY "assoc_nested_attribute_tests"."id" ASC LIMIT 1[0m  [["nested_attribute_test_id", 6]]
  [1m[35m (0.0ms)[0m  begin transaction
  [1m[36mSQL (0.2ms)[0m  [1mINSERT INTO "nested_attribute_tests" ("name") VALUES (?)[0m  [["name", "Ms. Giovanny Jacobson"]]
  [1m[35m (0.7ms)[0m  commit transaction
  [1m[36m (0.0ms)[0m  [1mbegin transaction[0m
  [1m[35mSQL (0.2ms)[0m  INSERT INTO "assoc_nested_attribute_tests" ("name") VALUES (?)  [["name", "Colton Johnson MD"]]
  [1m[36m (0.8ms)[0m  [1mcommit transaction[0m
  [1m[35m (0.2ms)[0m  SELECT "assoc_nested_attribute_tests"."id" FROM "assoc_nested_attribute_tests" WHERE "assoc_nested_attribute_tests"."nested_attribute_test_id" = ? AND "assoc_nested_attribute_tests"."id" IN (7)  [["nested_attribute_test_id", 7]]
  [1m[36mAssocNestedAttributeTest Load (0.1ms)[0m  [1mSELECT "assoc_nested_attribute_tests".* FROM "assoc_nested_attribute_tests" WHERE "assoc_nested_attribute_tests"."id" = ? LIMIT 1[0m  [["id", "7"]]
  [1m[35m (0.0ms)[0m  begin transaction
  [1m[36mSQL (0.2ms)[0m  [1mUPDATE "assoc_nested_attribute_tests" SET "nested_attribute_test_id" = ? WHERE "assoc_nested_attribute_tests"."id" = 7[0m  [["nested_attribute_test_id", 7]]
  [1m[35m (0.4ms)[0m  commit transaction
  [1m[36mAssocNestedAttributeTest Load (0.1ms)[0m  [1mSELECT "assoc_nested_attribute_tests".* FROM "assoc_nested_attribute_tests" WHERE "assoc_nested_attribute_tests"."nested_attribute_test_id" = ? AND "assoc_nested_attribute_tests"."id" IN (7)[0m  [["nested_attribute_test_id", 7]]
  [1m[35m (0.0ms)[0m  begin transaction
  [1m[36m (0.0ms)[0m  [1mcommit transaction[0m
  [1m[35m (0.1ms)[0m  SELECT COUNT(*) FROM "assoc_nested_attribute_tests" WHERE "assoc_nested_attribute_tests"."nested_attribute_test_id" = ?  [["nested_attribute_test_id", 7]]
  [1m[36mAssocNestedAttributeTest Load (0.1ms)[0m  [1mSELECT "assoc_nested_attribute_tests".* FROM "assoc_nested_attribute_tests" WHERE "assoc_nested_attribute_tests"."nested_attribute_test_id" = ? ORDER BY "assoc_nested_attribute_tests"."id" ASC LIMIT 1[0m  [["nested_attribute_test_id", 7]]
  [1m[35m (0.1ms)[0m  begin transaction
  [1m[36mSQL (0.2ms)[0m  [1mINSERT INTO "nested_attribute_tests" ("name") VALUES (?)[0m  [["name", "Sunny Denesik"]]
  [1m[35m (0.5ms)[0m  commit transaction
  [1m[36m (0.1ms)[0m  [1mbegin transaction[0m
  [1m[35mSQL (0.3ms)[0m  INSERT INTO "assoc_nested_attribute_tests" ("name") VALUES (?)  [["name", "Mrs. Jabari Aufderhar"]]
  [1m[36m (0.5ms)[0m  [1mcommit transaction[0m
  [1m[35m (0.0ms)[0m  begin transaction
  [1m[36mSQL (0.3ms)[0m  [1mUPDATE "assoc_nested_attribute_tests" SET "nested_attribute_test_id" = ? WHERE "assoc_nested_attribute_tests"."id" = 8[0m  [["nested_attribute_test_id", 8]]
  [1m[35m (0.9ms)[0m  commit transaction
  [1m[36m (0.2ms)[0m  [1mSELECT "assoc_nested_attribute_tests"."id" FROM "assoc_nested_attribute_tests" WHERE "assoc_nested_attribute_tests"."nested_attribute_test_id" = ? AND "assoc_nested_attribute_tests"."id" IN (8)[0m  [["nested_attribute_test_id", 8]]
  [1m[35m (0.0ms)[0m  begin transaction
  [1m[36m (0.0ms)[0m  [1mcommit transaction[0m
  [1m[35mAssocNestedAttributeTest Load (0.2ms)[0m  SELECT "assoc_nested_attribute_tests".* FROM "assoc_nested_attribute_tests" WHERE "assoc_nested_attribute_tests"."nested_attribute_test_id" = ? AND "assoc_nested_attribute_tests"."id" IN (8)  [["nested_attribute_test_id", 8]]
  [1m[36m (0.0ms)[0m  [1mbegin transaction[0m
  [1m[35mSQL (0.2ms)[0m  UPDATE "assoc_nested_attribute_tests" SET "name" = ? WHERE "assoc_nested_attribute_tests"."id" = 8  [["name", "Foozle Cumberbunch"]]
  [1m[36m (0.9ms)[0m  [1mcommit transaction[0m
  [1m[35m (0.1ms)[0m  SELECT COUNT(*) FROM "assoc_nested_attribute_tests" WHERE "assoc_nested_attribute_tests"."nested_attribute_test_id" = ?  [["nested_attribute_test_id", 8]]
  [1m[36mAssocNestedAttributeTest Load (0.1ms)[0m  [1mSELECT "assoc_nested_attribute_tests".* FROM "assoc_nested_attribute_tests" WHERE "assoc_nested_attribute_tests"."nested_attribute_test_id" = ? ORDER BY "assoc_nested_attribute_tests"."id" ASC LIMIT 1[0m  [["nested_attribute_test_id", 8]]
  [1m[35m (1.1ms)[0m  DROP TABLE "assoc_nested_attribute_tests"
  [1m[36m (0.8ms)[0m  [1mDROP TABLE "nested_attribute_tests"[0m
  [1m[35m (0.9ms)[0m  CREATE TABLE "render_json_meta_tests" ("id" INTEGER PRIMARY KEY AUTOINCREMENT NOT NULL, "name" varchar(255)) 
  [1m[36m (0.9ms)[0m  [1mCREATE TABLE "associated_render_json_meta_tests" ("id" INTEGER PRIMARY KEY AUTOINCREMENT NOT NULL, "name" varchar(255), "render_json_meta_test_id" integer) [0m
  [1m[35m (0.8ms)[0m  DROP TABLE "associated_render_json_meta_tests"
  [1m[36m (0.8ms)[0m  [1mDROP TABLE "render_json_meta_tests"[0m
  [1m[35m (0.9ms)[0m  CREATE TABLE "has_one_serializer_tests" ("id" INTEGER PRIMARY KEY AUTOINCREMENT NOT NULL, "associated_test_id" integer) 
  [1m[36m (0.7ms)[0m  [1mCREATE TABLE "associated_tests" ("id" INTEGER PRIMARY KEY AUTOINCREMENT NOT NULL, "associated_through_test_id" integer) [0m
  [1m[35m (0.7ms)[0m  CREATE TABLE "associated_through_tests" ("id" INTEGER PRIMARY KEY AUTOINCREMENT NOT NULL, "name" varchar(255)) 
  [1m[36m (0.8ms)[0m  [1mDROP TABLE "associated_through_tests"[0m
  [1m[35m (0.6ms)[0m  DROP TABLE "associated_tests"
  [1m[36m (0.6ms)[0m  [1mDROP TABLE "has_one_serializer_tests"[0m
  [1m[36m (7.0ms)[0m  [1mCREATE TABLE "nested_attribute_tests" ("id" INTEGER PRIMARY KEY AUTOINCREMENT NOT NULL, "name" varchar(255)) [0m
  [1m[35m (0.8ms)[0m  CREATE TABLE "assoc_nested_attribute_tests" ("id" INTEGER PRIMARY KEY AUTOINCREMENT NOT NULL, "name" varchar(255), "nested_attribute_test_id" integer) 
  [1m[36m (0.1ms)[0m  [1mbegin transaction[0m
  [1m[35mSQL (0.5ms)[0m  INSERT INTO "nested_attribute_tests" ("name") VALUES (?)  [["name", "Sven MacGyver"]]
  [1m[36m (0.7ms)[0m  [1mcommit transaction[0m
  [1m[35m (0.1ms)[0m  begin transaction
  [1m[36m (0.0ms)[0m  [1mcommit transaction[0m
  [1m[35mAssocNestedAttributeTest Load (1.3ms)[0m  SELECT "assoc_nested_attribute_tests".* FROM "assoc_nested_attribute_tests" WHERE "assoc_nested_attribute_tests"."nested_attribute_test_id" = ?  [["nested_attribute_test_id", 1]]
  [1m[36m (0.1ms)[0m  [1mbegin transaction[0m
  [1m[35mSQL (0.3ms)[0m  INSERT INTO "nested_attribute_tests" ("name") VALUES (?)  [["name", "Enola Crooks"]]
  [1m[36m (0.6ms)[0m  [1mcommit transaction[0m
  [1m[35m (0.0ms)[0m  begin transaction
  [1m[36mSQL (0.3ms)[0m  [1mINSERT INTO "assoc_nested_attribute_tests" ("name") VALUES (?)[0m  [["name", "Loren O'Connell"]]
  [1m[35m (0.6ms)[0m  commit transaction
  [1m[36m (0.0ms)[0m  [1mbegin transaction[0m
  [1m[35mSQL (0.4ms)[0m  UPDATE "assoc_nested_attribute_tests" SET "nested_attribute_test_id" = ? WHERE "assoc_nested_attribute_tests"."id" = 1  [["nested_attribute_test_id", 2]]
  [1m[36m (0.5ms)[0m  [1mcommit transaction[0m
  [1m[35m (0.0ms)[0m  begin transaction
  [1m[36m (0.2ms)[0m  [1mSELECT "assoc_nested_attribute_tests"."id" FROM "assoc_nested_attribute_tests" WHERE "assoc_nested_attribute_tests"."nested_attribute_test_id" = ? AND "assoc_nested_attribute_tests"."id" IN (1)[0m  [["nested_attribute_test_id", 2]]
  [1m[35mAssocNestedAttributeTest Load (0.1ms)[0m  SELECT "assoc_nested_attribute_tests".* FROM "assoc_nested_attribute_tests" WHERE "assoc_nested_attribute_tests"."nested_attribute_test_id" = ? AND "assoc_nested_attribute_tests"."id" IN (1)  [["nested_attribute_test_id", 2]]
  [1m[36mSQL (0.2ms)[0m  [1mUPDATE "assoc_nested_attribute_tests" SET "name" = ? WHERE "assoc_nested_attribute_tests"."id" = 1[0m  [["name", "Foozle Cumberbunch"]]
  [1m[35m (0.8ms)[0m  commit transaction
  [1m[36m (0.1ms)[0m  [1mSELECT COUNT(*) FROM "assoc_nested_attribute_tests" WHERE "assoc_nested_attribute_tests"."nested_attribute_test_id" = ?[0m  [["nested_attribute_test_id", 2]]
  [1m[35mAssocNestedAttributeTest Load (0.1ms)[0m  SELECT "assoc_nested_attribute_tests".* FROM "assoc_nested_attribute_tests" WHERE "assoc_nested_attribute_tests"."nested_attribute_test_id" = ? ORDER BY "assoc_nested_attribute_tests"."id" ASC LIMIT 1  [["nested_attribute_test_id", 2]]
  [1m[36m (0.0ms)[0m  [1mbegin transaction[0m
  [1m[35mSQL (0.2ms)[0m  INSERT INTO "nested_attribute_tests" ("name") VALUES (?)  [["name", "Justyn Douglas DDS"]]
  [1m[36m (0.7ms)[0m  [1mcommit transaction[0m
  [1m[35m (0.0ms)[0m  begin transaction
  [1m[36mSQL (0.2ms)[0m  [1mINSERT INTO "assoc_nested_attribute_tests" ("name") VALUES (?)[0m  [["name", "Maia Runolfsdottir"]]
  [1m[35m (0.9ms)[0m  commit transaction
  [1m[36m (0.2ms)[0m  [1mSELECT "assoc_nested_attribute_tests"."id" FROM "assoc_nested_attribute_tests" WHERE "assoc_nested_attribute_tests"."nested_attribute_test_id" = ? AND "assoc_nested_attribute_tests"."id" IN (2)[0m  [["nested_attribute_test_id", 3]]
  [1m[35mAssocNestedAttributeTest Load (0.1ms)[0m  SELECT "assoc_nested_attribute_tests".* FROM "assoc_nested_attribute_tests" WHERE "assoc_nested_attribute_tests"."id" = ? LIMIT 1  [["id", "2"]]
  [1m[36m (0.0ms)[0m  [1mbegin transaction[0m
  [1m[35mSQL (0.2ms)[0m  UPDATE "assoc_nested_attribute_tests" SET "nested_attribute_test_id" = ? WHERE "assoc_nested_attribute_tests"."id" = 2  [["nested_attribute_test_id", 3]]
  [1m[36m (0.7ms)[0m  [1mcommit transaction[0m
  [1m[35mAssocNestedAttributeTest Load (0.1ms)[0m  SELECT "assoc_nested_attribute_tests".* FROM "assoc_nested_attribute_tests" WHERE "assoc_nested_attribute_tests"."nested_attribute_test_id" = ? AND "assoc_nested_attribute_tests"."id" IN (2)  [["nested_attribute_test_id", 3]]
  [1m[36m (0.0ms)[0m  [1mbegin transaction[0m
  [1m[35mSQL (0.2ms)[0m  UPDATE "assoc_nested_attribute_tests" SET "name" = ? WHERE "assoc_nested_attribute_tests"."id" = 2  [["name", "Foozle Cumberbunch"]]
  [1m[36m (0.6ms)[0m  [1mcommit transaction[0m
  [1m[35m (0.1ms)[0m  SELECT COUNT(*) FROM "assoc_nested_attribute_tests" WHERE "assoc_nested_attribute_tests"."nested_attribute_test_id" = ?  [["nested_attribute_test_id", 3]]
  [1m[36mAssocNestedAttributeTest Load (0.1ms)[0m  [1mSELECT "assoc_nested_attribute_tests".* FROM "assoc_nested_attribute_tests" WHERE "assoc_nested_attribute_tests"."nested_attribute_test_id" = ? ORDER BY "assoc_nested_attribute_tests"."id" ASC LIMIT 1[0m  [["nested_attribute_test_id", 3]]
  [1m[35m (0.0ms)[0m  begin transaction
  [1m[36mSQL (0.2ms)[0m  [1mINSERT INTO "nested_attribute_tests" ("name") VALUES (?)[0m  [["name", "Annette Hand"]]
  [1m[35m (0.5ms)[0m  commit transaction
  [1m[36m (0.0ms)[0m  [1mbegin transaction[0m
  [1m[35mSQL (0.2ms)[0m  INSERT INTO "assoc_nested_attribute_tests" ("name") VALUES (?)  [["name", "Vincenzo Padberg"]]
  [1m[36m (1.0ms)[0m  [1mcommit transaction[0m
  [1m[35m (0.0ms)[0m  begin transaction
  [1m[36mSQL (0.2ms)[0m  [1mUPDATE "assoc_nested_attribute_tests" SET "nested_attribute_test_id" = ? WHERE "assoc_nested_attribute_tests"."id" = 3[0m  [["nested_attribute_test_id", 4]]
  [1m[35m (0.6ms)[0m  commit transaction
  [1m[36m (0.1ms)[0m  [1mSELECT "assoc_nested_attribute_tests"."id" FROM "assoc_nested_attribute_tests" WHERE "assoc_nested_attribute_tests"."nested_attribute_test_id" = ? AND "assoc_nested_attribute_tests"."id" IN (3)[0m  [["nested_attribute_test_id", 4]]
  [1m[35m (0.0ms)[0m  begin transaction
  [1m[36m (0.0ms)[0m  [1mcommit transaction[0m
  [1m[35mAssocNestedAttributeTest Load (0.1ms)[0m  SELECT "assoc_nested_attribute_tests".* FROM "assoc_nested_attribute_tests" WHERE "assoc_nested_attribute_tests"."nested_attribute_test_id" = ? AND "assoc_nested_attribute_tests"."id" IN (3)  [["nested_attribute_test_id", 4]]
  [1m[36m (0.0ms)[0m  [1mbegin transaction[0m
  [1m[35m (0.0ms)[0m  commit transaction
  [1m[36m (0.1ms)[0m  [1mSELECT COUNT(*) FROM "assoc_nested_attribute_tests" WHERE "assoc_nested_attribute_tests"."nested_attribute_test_id" = ?[0m  [["nested_attribute_test_id", 4]]
  [1m[35mAssocNestedAttributeTest Load (0.1ms)[0m  SELECT "assoc_nested_attribute_tests".* FROM "assoc_nested_attribute_tests" WHERE "assoc_nested_attribute_tests"."nested_attribute_test_id" = ? ORDER BY "assoc_nested_attribute_tests"."id" ASC LIMIT 1  [["nested_attribute_test_id", 4]]
  [1m[36m (0.1ms)[0m  [1mbegin transaction[0m
  [1m[35mSQL (0.2ms)[0m  INSERT INTO "nested_attribute_tests" ("name") VALUES (?)  [["name", "Elroy Friesen"]]
  [1m[36m (0.5ms)[0m  [1mcommit transaction[0m
  [1m[35m (0.0ms)[0m  begin transaction
  [1m[36mSQL (0.3ms)[0m  [1mINSERT INTO "assoc_nested_attribute_tests" ("name") VALUES (?)[0m  [["name", "Janet Reichel"]]
  [1m[35m (0.6ms)[0m  commit transaction
  [1m[36m (0.2ms)[0m  [1mSELECT "assoc_nested_attribute_tests"."id" FROM "assoc_nested_attribute_tests" WHERE "assoc_nested_attribute_tests"."nested_attribute_test_id" = ? AND "assoc_nested_attribute_tests"."id" IN (4)[0m  [["nested_attribute_test_id", 5]]
  [1m[35mAssocNestedAttributeTest Load (0.1ms)[0m  SELECT "assoc_nested_attribute_tests".* FROM "assoc_nested_attribute_tests" WHERE "assoc_nested_attribute_tests"."id" = ? LIMIT 1  [["id", "4"]]
  [1m[36m (0.0ms)[0m  [1mbegin transaction[0m
  [1m[35mSQL (0.2ms)[0m  UPDATE "assoc_nested_attribute_tests" SET "nested_attribute_test_id" = ? WHERE "assoc_nested_attribute_tests"."id" = 4  [["nested_attribute_test_id", 5]]
  [1m[36m (0.8ms)[0m  [1mcommit transaction[0m
  [1m[35mAssocNestedAttributeTest Load (0.2ms)[0m  SELECT "assoc_nested_attribute_tests".* FROM "assoc_nested_attribute_tests" WHERE "assoc_nested_attribute_tests"."nested_attribute_test_id" = ? AND "assoc_nested_attribute_tests"."id" IN (4)  [["nested_attribute_test_id", 5]]
  [1m[36m (0.0ms)[0m  [1mbegin transaction[0m
  [1m[35mSQL (0.2ms)[0m  UPDATE "assoc_nested_attribute_tests" SET "name" = ? WHERE "assoc_nested_attribute_tests"."id" = 4  [["name", "Foozle Cumberbunch"]]
  [1m[36m (0.8ms)[0m  [1mcommit transaction[0m
  [1m[35m (0.1ms)[0m  SELECT COUNT(*) FROM "assoc_nested_attribute_tests" WHERE "assoc_nested_attribute_tests"."nested_attribute_test_id" = ?  [["nested_attribute_test_id", 5]]
  [1m[36mAssocNestedAttributeTest Load (0.1ms)[0m  [1mSELECT "assoc_nested_attribute_tests".* FROM "assoc_nested_attribute_tests" WHERE "assoc_nested_attribute_tests"."nested_attribute_test_id" = ? ORDER BY "assoc_nested_attribute_tests"."id" ASC LIMIT 1[0m  [["nested_attribute_test_id", 5]]
  [1m[35m (0.0ms)[0m  begin transaction
  [1m[36mSQL (0.2ms)[0m  [1mINSERT INTO "nested_attribute_tests" ("name") VALUES (?)[0m  [["name", "Chasity Bogisich"]]
  [1m[35m (0.7ms)[0m  commit transaction
  [1m[36m (0.0ms)[0m  [1mbegin transaction[0m
  [1m[35mSQL (0.2ms)[0m  INSERT INTO "assoc_nested_attribute_tests" ("name") VALUES (?)  [["name", "Flossie Block"]]
  [1m[36m (1.0ms)[0m  [1mcommit transaction[0m
  [1m[35m (0.2ms)[0m  SELECT "assoc_nested_attribute_tests"."id" FROM "assoc_nested_attribute_tests" WHERE "assoc_nested_attribute_tests"."nested_attribute_test_id" = ? AND "assoc_nested_attribute_tests"."id" IN (5)  [["nested_attribute_test_id", 6]]
  [1m[36mAssocNestedAttributeTest Load (0.1ms)[0m  [1mSELECT "assoc_nested_attribute_tests".* FROM "assoc_nested_attribute_tests" WHERE "assoc_nested_attribute_tests"."id" = ? LIMIT 1[0m  [["id", "5"]]
  [1m[35m (0.0ms)[0m  begin transaction
  [1m[36mSQL (0.2ms)[0m  [1mUPDATE "assoc_nested_attribute_tests" SET "nested_attribute_test_id" = ? WHERE "assoc_nested_attribute_tests"."id" = 5[0m  [["nested_attribute_test_id", 6]]
  [1m[35m (0.8ms)[0m  commit transaction
  [1m[36mAssocNestedAttributeTest Load (0.1ms)[0m  [1mSELECT "assoc_nested_attribute_tests".* FROM "assoc_nested_attribute_tests" WHERE "assoc_nested_attribute_tests"."nested_attribute_test_id" = ? AND "assoc_nested_attribute_tests"."id" IN (5)[0m  [["nested_attribute_test_id", 6]]
  [1m[35m (0.0ms)[0m  begin transaction
  [1m[36m (0.0ms)[0m  [1mcommit transaction[0m
  [1m[35m (0.1ms)[0m  SELECT COUNT(*) FROM "assoc_nested_attribute_tests" WHERE "assoc_nested_attribute_tests"."nested_attribute_test_id" = ?  [["nested_attribute_test_id", 6]]
  [1m[36mAssocNestedAttributeTest Load (0.1ms)[0m  [1mSELECT "assoc_nested_attribute_tests".* FROM "assoc_nested_attribute_tests" WHERE "assoc_nested_attribute_tests"."nested_attribute_test_id" = ? ORDER BY "assoc_nested_attribute_tests"."id" ASC LIMIT 1[0m  [["nested_attribute_test_id", 6]]
  [1m[35m (0.0ms)[0m  begin transaction
  [1m[36mSQL (0.2ms)[0m  [1mINSERT INTO "nested_attribute_tests" ("name") VALUES (?)[0m  [["name", "Dayton Rogahn"]]
  [1m[35m (0.9ms)[0m  commit transaction
  [1m[36m (0.0ms)[0m  [1mbegin transaction[0m
  [1m[35mSQL (0.3ms)[0m  INSERT INTO "assoc_nested_attribute_tests" ("name", "nested_attribute_test_id") VALUES (?, ?)  [["name", "foo"], ["nested_attribute_test_id", 7]]
  [1m[36mSQL (0.0ms)[0m  [1mINSERT INTO "assoc_nested_attribute_tests" ("name", "nested_attribute_test_id") VALUES (?, ?)[0m  [["name", "bar"], ["nested_attribute_test_id", 7]]
  [1m[35m (0.8ms)[0m  commit transaction
  [1m[36mAssocNestedAttributeTest Load (0.1ms)[0m  [1mSELECT "assoc_nested_attribute_tests".* FROM "assoc_nested_attribute_tests" WHERE "assoc_nested_attribute_tests"."nested_attribute_test_id" = ?[0m  [["nested_attribute_test_id", 7]]
  [1m[35m (0.1ms)[0m  begin transaction
  [1m[36mSQL (0.2ms)[0m  [1mINSERT INTO "nested_attribute_tests" ("name") VALUES (?)[0m  [["name", "Enrico Schuppe Jr."]]
  [1m[35m (0.7ms)[0m  commit transaction
  [1m[36m (0.0ms)[0m  [1mbegin transaction[0m
  [1m[35mSQL (0.2ms)[0m  INSERT INTO "assoc_nested_attribute_tests" ("name") VALUES (?)  [["name", "Savanah Dicki"]]
  [1m[36m (0.4ms)[0m  [1mcommit transaction[0m
  [1m[35m (0.0ms)[0m  begin transaction
  [1m[36mSQL (0.2ms)[0m  [1mUPDATE "assoc_nested_attribute_tests" SET "nested_attribute_test_id" = ? WHERE "assoc_nested_attribute_tests"."id" = 8[0m  [["nested_attribute_test_id", 8]]
  [1m[35m (0.5ms)[0m  commit transaction
  [1m[36m (0.1ms)[0m  [1mSELECT "assoc_nested_attribute_tests"."id" FROM "assoc_nested_attribute_tests" WHERE "assoc_nested_attribute_tests"."nested_attribute_test_id" = ? AND "assoc_nested_attribute_tests"."id" IN (8)[0m  [["nested_attribute_test_id", 8]]
  [1m[35m (0.0ms)[0m  begin transaction
  [1m[36m (0.0ms)[0m  [1mcommit transaction[0m
  [1m[35mAssocNestedAttributeTest Load (0.1ms)[0m  SELECT "assoc_nested_attribute_tests".* FROM "assoc_nested_attribute_tests" WHERE "assoc_nested_attribute_tests"."nested_attribute_test_id" = ? AND "assoc_nested_attribute_tests"."id" IN (8)  [["nested_attribute_test_id", 8]]
  [1m[36m (0.0ms)[0m  [1mbegin transaction[0m
  [1m[35mSQL (0.3ms)[0m  UPDATE "assoc_nested_attribute_tests" SET "name" = ? WHERE "assoc_nested_attribute_tests"."id" = 8  [["name", "Foozle Cumberbunch"]]
  [1m[36m (0.4ms)[0m  [1mcommit transaction[0m
  [1m[35m (0.1ms)[0m  SELECT COUNT(*) FROM "assoc_nested_attribute_tests" WHERE "assoc_nested_attribute_tests"."nested_attribute_test_id" = ?  [["nested_attribute_test_id", 8]]
  [1m[36mAssocNestedAttributeTest Load (0.1ms)[0m  [1mSELECT "assoc_nested_attribute_tests".* FROM "assoc_nested_attribute_tests" WHERE "assoc_nested_attribute_tests"."nested_attribute_test_id" = ? ORDER BY "assoc_nested_attribute_tests"."id" ASC LIMIT 1[0m  [["nested_attribute_test_id", 8]]
  [1m[35m (1.2ms)[0m  DROP TABLE "assoc_nested_attribute_tests"
  [1m[36m (0.8ms)[0m  [1mDROP TABLE "nested_attribute_tests"[0m
  [1m[35m (1.1ms)[0m  CREATE TABLE "render_json_meta_tests" ("id" INTEGER PRIMARY KEY AUTOINCREMENT NOT NULL, "name" varchar(255)) 
  [1m[36m (1.0ms)[0m  [1mCREATE TABLE "associated_render_json_meta_tests" ("id" INTEGER PRIMARY KEY AUTOINCREMENT NOT NULL, "name" varchar(255), "render_json_meta_test_id" integer) [0m
  [1m[35m (0.0ms)[0m  begin transaction
  [1m[36mSQL (0.3ms)[0m  [1mINSERT INTO "render_json_meta_tests" ("name") VALUES (?)[0m  [["name", "Clementine Ruecker II"]]
  [1m[35m (0.7ms)[0m  commit transaction
  [1m[36m (0.0ms)[0m  [1mbegin transaction[0m
  [1m[35mSQL (0.2ms)[0m  INSERT INTO "render_json_meta_tests" ("name") VALUES (?)  [["name", "Demarcus Goldner"]]
  [1m[36m (0.5ms)[0m  [1mcommit transaction[0m
  [1m[35m (0.1ms)[0m  begin transaction
  [1m[36mSQL (0.4ms)[0m  [1mINSERT INTO "associated_render_json_meta_tests" ("name", "render_json_meta_test_id") VALUES (?, ?)[0m  [["name", "Emerson Homenick"], ["render_json_meta_test_id", 1]]
  [1m[35m (0.7ms)[0m  commit transaction
Processing by RenderJsonMetaTestController#show as HTML
  Parameters: {"id"=>"1"}
  [1m[36mRenderJsonMetaTest Load (0.2ms)[0m  [1mSELECT "render_json_meta_tests".* FROM "render_json_meta_tests" WHERE "render_json_meta_tests"."id" = ? LIMIT 1[0m  [["id", "1"]]
Completed 200 OK in 2ms (Views: 0.6ms | ActiveRecord: 0.2ms)
  [1m[35m (0.1ms)[0m  begin transaction
  [1m[36mSQL (0.3ms)[0m  [1mINSERT INTO "render_json_meta_tests" ("name") VALUES (?)[0m  [["name", "Miss Maryjane Weber"]]
  [1m[35m (1.0ms)[0m  commit transaction
  [1m[36m (0.0ms)[0m  [1mbegin transaction[0m
  [1m[35mSQL (0.2ms)[0m  INSERT INTO "render_json_meta_tests" ("name") VALUES (?)  [["name", "Tyrique Kuphal"]]
  [1m[36m (0.6ms)[0m  [1mcommit transaction[0m
  [1m[35m (0.0ms)[0m  begin transaction
  [1m[36mSQL (0.2ms)[0m  [1mINSERT INTO "associated_render_json_meta_tests" ("name", "render_json_meta_test_id") VALUES (?, ?)[0m  [["name", "Alanis Jacobi"], ["render_json_meta_test_id", 3]]
  [1m[35m (0.8ms)[0m  commit transaction
Processing by RenderJsonMetaTestController#associated as HTML
  Parameters: {"name"=>"Alanis Jacobi", "id"=>"3"}
  [1m[36mRenderJsonMetaTest Load (0.1ms)[0m  [1mSELECT "render_json_meta_tests".* FROM "render_json_meta_tests" WHERE "render_json_meta_tests"."id" = ? LIMIT 1[0m  [["id", "3"]]
  [1m[35mAssociatedRenderJsonMetaTest Load (0.1ms)[0m  SELECT "associated_render_json_meta_tests".* FROM "associated_render_json_meta_tests" WHERE "associated_render_json_meta_tests"."render_json_meta_test_id" = ? AND "associated_render_json_meta_tests"."name" = 'Alanis Jacobi'  [["render_json_meta_test_id", 3]]
Completed 200 OK in 7ms (Views: 4.0ms | ActiveRecord: 0.2ms)
  [1m[36m (0.1ms)[0m  [1mbegin transaction[0m
  [1m[35mSQL (0.4ms)[0m  INSERT INTO "render_json_meta_tests" ("name") VALUES (?)  [["name", "Ms. Montana Lueilwitz"]]
  [1m[36m (0.6ms)[0m  [1mcommit transaction[0m
  [1m[35m (0.0ms)[0m  begin transaction
  [1m[36mSQL (0.2ms)[0m  [1mINSERT INTO "render_json_meta_tests" ("name") VALUES (?)[0m  [["name", "Mable Sanford III"]]
  [1m[35m (0.6ms)[0m  commit transaction
  [1m[36m (0.0ms)[0m  [1mbegin transaction[0m
  [1m[35mSQL (0.2ms)[0m  INSERT INTO "associated_render_json_meta_tests" ("name", "render_json_meta_test_id") VALUES (?, ?)  [["name", "Miss Sydnee Parisian"], ["render_json_meta_test_id", 5]]
  [1m[36m (0.7ms)[0m  [1mcommit transaction[0m
Processing by RenderJsonMetaTestController#index as HTML
  [1m[35mRenderJsonMetaTest Load (0.2ms)[0m  SELECT "render_json_meta_tests".* FROM "render_json_meta_tests"
Completed 200 OK in 2ms (Views: 2.0ms | ActiveRecord: 0.2ms)
  [1m[36m (0.1ms)[0m  [1mbegin transaction[0m
  [1m[35mSQL (0.3ms)[0m  INSERT INTO "render_json_meta_tests" ("name") VALUES (?)  [["name", "Clinton Tremblay"]]
  [1m[36m (0.7ms)[0m  [1mcommit transaction[0m
  [1m[35m (0.0ms)[0m  begin transaction
  [1m[36mSQL (0.2ms)[0m  [1mINSERT INTO "render_json_meta_tests" ("name") VALUES (?)[0m  [["name", "Mr. Consuelo Harber"]]
  [1m[35m (0.8ms)[0m  commit transaction
  [1m[36m (0.0ms)[0m  [1mbegin transaction[0m
  [1m[35mSQL (0.2ms)[0m  INSERT INTO "associated_render_json_meta_tests" ("name", "render_json_meta_test_id") VALUES (?, ?)  [["name", "Coty Davis"], ["render_json_meta_test_id", 7]]
  [1m[36m (0.8ms)[0m  [1mcommit transaction[0m
Processing by RenderJsonMetaTestController#child as HTML
  Parameters: {"id"=>"4"}
  [1m[35mAssociatedRenderJsonMetaTest Load (0.1ms)[0m  SELECT "associated_render_json_meta_tests".* FROM "associated_render_json_meta_tests" WHERE "associated_render_json_meta_tests"."id" = ? LIMIT 1  [["id", "4"]]
Completed 200 OK in 4ms (Views: 2.8ms | ActiveRecord: 0.1ms)
  [1m[36m (1.2ms)[0m  [1mDROP TABLE "associated_render_json_meta_tests"[0m
  [1m[35m (0.8ms)[0m  DROP TABLE "render_json_meta_tests"
  [1m[36m (1.0ms)[0m  [1mCREATE TABLE "has_one_serializer_tests" ("id" INTEGER PRIMARY KEY AUTOINCREMENT NOT NULL, "associated_test_id" integer) [0m
  [1m[35m (1.0ms)[0m  CREATE TABLE "associated_tests" ("id" INTEGER PRIMARY KEY AUTOINCREMENT NOT NULL, "associated_through_test_id" integer) 
  [1m[36m (0.7ms)[0m  [1mCREATE TABLE "associated_through_tests" ("id" INTEGER PRIMARY KEY AUTOINCREMENT NOT NULL, "name" varchar(255)) [0m
  [1m[35m (0.0ms)[0m  begin transaction
  [1m[36mSQL (0.3ms)[0m  [1mINSERT INTO "associated_through_tests" ("name") VALUES (?)[0m  [["name", "Rosalinda Bosco"]]
  [1m[35m (0.7ms)[0m  commit transaction
  [1m[36m (0.0ms)[0m  [1mbegin transaction[0m
  [1m[35mSQL (0.3ms)[0m  INSERT INTO "associated_tests" ("associated_through_test_id") VALUES (?)  [["associated_through_test_id", 1]]
  [1m[36m (0.5ms)[0m  [1mcommit transaction[0m
  [1m[35m (0.1ms)[0m  begin transaction
  [1m[36mSQL (0.4ms)[0m  [1mINSERT INTO "has_one_serializer_tests" ("associated_test_id") VALUES (?)[0m  [["associated_test_id", 1]]
  [1m[35m (0.6ms)[0m  commit transaction
Processing by HasOneSerializerTestController#show as HTML
  Parameters: {"id"=>"1"}
  [1m[36mHasOneSerializerTest Load (0.2ms)[0m  [1mSELECT "has_one_serializer_tests".* FROM "has_one_serializer_tests" WHERE "has_one_serializer_tests"."id" = ? LIMIT 1[0m  [["id", "1"]]
  [1m[35mAssociatedTest Load (0.1ms)[0m  SELECT "associated_tests".* FROM "associated_tests" WHERE "associated_tests"."id" = ? LIMIT 1  [["id", 1]]
  [1m[36mAssociatedThroughTest Load (0.2ms)[0m  [1mSELECT "associated_through_tests".* FROM "associated_through_tests" INNER JOIN "associated_tests" ON "associated_through_tests"."id" = "associated_tests"."associated_through_test_id" WHERE "associated_tests"."id" = ? LIMIT 1[0m  [["id", 1]]
Completed 200 OK in 50ms (Views: 48.3ms | ActiveRecord: 0.5ms)
  [1m[35m (0.1ms)[0m  begin transaction
  [1m[36mSQL (0.3ms)[0m  [1mINSERT INTO "associated_through_tests" ("name") VALUES (?)[0m  [["name", "Jacky Powlowski"]]
  [1m[35m (0.8ms)[0m  commit transaction
  [1m[36m (0.0ms)[0m  [1mbegin transaction[0m
  [1m[35mSQL (0.2ms)[0m  INSERT INTO "associated_tests" ("associated_through_test_id") VALUES (?)  [["associated_through_test_id", 2]]
  [1m[36m (1.0ms)[0m  [1mcommit transaction[0m
  [1m[35m (0.0ms)[0m  begin transaction
  [1m[36mSQL (0.2ms)[0m  [1mINSERT INTO "has_one_serializer_tests" ("associated_test_id") VALUES (?)[0m  [["associated_test_id", 2]]
  [1m[35m (0.9ms)[0m  commit transaction
Processing by HasOneSerializerTestController#embed as HTML
  Parameters: {"id"=>"2"}
  [1m[36mHasOneSerializerTest Load (0.1ms)[0m  [1mSELECT "has_one_serializer_tests".* FROM "has_one_serializer_tests" WHERE "has_one_serializer_tests"."id" = ? LIMIT 1[0m  [["id", "2"]]
  [1m[35mAssociatedTest Load (0.1ms)[0m  SELECT "associated_tests".* FROM "associated_tests" WHERE "associated_tests"."id" = ? LIMIT 1  [["id", 2]]
  [1m[36mAssociatedThroughTest Load (0.1ms)[0m  [1mSELECT "associated_through_tests".* FROM "associated_through_tests" INNER JOIN "associated_tests" ON "associated_through_tests"."id" = "associated_tests"."associated_through_test_id" WHERE "associated_tests"."id" = ? LIMIT 1[0m  [["id", 2]]
Completed 200 OK in 6ms (Views: 5.0ms | ActiveRecord: 0.2ms)
  [1m[35m (0.1ms)[0m  begin transaction
  [1m[36mSQL (0.3ms)[0m  [1mINSERT INTO "associated_through_tests" ("name") VALUES (?)[0m  [["name", "Gail Considine Sr."]]
  [1m[35m (0.4ms)[0m  commit transaction
  [1m[36m (0.0ms)[0m  [1mbegin transaction[0m
  [1m[35mSQL (0.2ms)[0m  INSERT INTO "associated_tests" ("associated_through_test_id") VALUES (?)  [["associated_through_test_id", 3]]
  [1m[36m (0.5ms)[0m  [1mcommit transaction[0m
  [1m[35m (0.0ms)[0m  begin transaction
  [1m[36mSQL (0.2ms)[0m  [1mINSERT INTO "has_one_serializer_tests" ("associated_test_id") VALUES (?)[0m  [["associated_test_id", 3]]
  [1m[35m (0.5ms)[0m  commit transaction
Processing by HasOneSerializerTestController#show as HTML
  Parameters: {"id"=>"3"}
  [1m[36mHasOneSerializerTest Load (0.1ms)[0m  [1mSELECT "has_one_serializer_tests".* FROM "has_one_serializer_tests" WHERE "has_one_serializer_tests"."id" = ? LIMIT 1[0m  [["id", "3"]]
  [1m[35mAssociatedTest Load (0.1ms)[0m  SELECT "associated_tests".* FROM "associated_tests" WHERE "associated_tests"."id" = ? LIMIT 1  [["id", 3]]
  [1m[36mAssociatedThroughTest Load (0.1ms)[0m  [1mSELECT "associated_through_tests".* FROM "associated_through_tests" INNER JOIN "associated_tests" ON "associated_through_tests"."id" = "associated_tests"."associated_through_test_id" WHERE "associated_tests"."id" = ? LIMIT 1[0m  [["id", 3]]
Completed 200 OK in 4ms (Views: 2.4ms | ActiveRecord: 0.4ms)
  [1m[35m (0.1ms)[0m  begin transaction
  [1m[36mSQL (0.3ms)[0m  [1mINSERT INTO "associated_through_tests" ("name") VALUES (?)[0m  [["name", "Hilma Kreiger"]]
  [1m[35m (0.9ms)[0m  commit transaction
  [1m[36m (0.0ms)[0m  [1mbegin transaction[0m
  [1m[35mSQL (0.2ms)[0m  INSERT INTO "associated_tests" ("associated_through_test_id") VALUES (?)  [["associated_through_test_id", 4]]
  [1m[36m (0.6ms)[0m  [1mcommit transaction[0m
  [1m[35m (0.0ms)[0m  begin transaction
  [1m[36mSQL (0.2ms)[0m  [1mINSERT INTO "has_one_serializer_tests" ("associated_test_id") VALUES (?)[0m  [["associated_test_id", 4]]
  [1m[35m (0.7ms)[0m  commit transaction
Processing by HasOneSerializerTestController#embed as HTML
  Parameters: {"id"=>"4"}
  [1m[36mHasOneSerializerTest Load (0.1ms)[0m  [1mSELECT "has_one_serializer_tests".* FROM "has_one_serializer_tests" WHERE "has_one_serializer_tests"."id" = ? LIMIT 1[0m  [["id", "4"]]
  [1m[35mAssociatedTest Load (0.1ms)[0m  SELECT "associated_tests".* FROM "associated_tests" WHERE "associated_tests"."id" = ? LIMIT 1  [["id", 4]]
  [1m[36mAssociatedThroughTest Load (0.1ms)[0m  [1mSELECT "associated_through_tests".* FROM "associated_through_tests" INNER JOIN "associated_tests" ON "associated_through_tests"."id" = "associated_tests"."associated_through_test_id" WHERE "associated_tests"."id" = ? LIMIT 1[0m  [["id", 4]]
Completed 200 OK in 6ms (Views: 4.9ms | ActiveRecord: 0.2ms)
  [1m[35m (1.0ms)[0m  DROP TABLE "associated_through_tests"
  [1m[36m (0.7ms)[0m  [1mDROP TABLE "associated_tests"[0m
  [1m[35m (0.7ms)[0m  DROP TABLE "has_one_serializer_tests"
Processing by TestAssociatedRouteController#associated as HTML
  Parameters: {"id"=>"1", "associated"=>"bars"}
Completed 200 OK in 4ms (Views: 3.7ms | ActiveRecord: 0.0ms)
Processing by TestAssociatedRouteController#associated as HTML
  Parameters: {"id"=>"1", "associated"=>"wibbles"}
Completed 200 OK in 0ms (Views: 0.2ms | ActiveRecord: 0.0ms)
Processing by TestAssociatedRouteController#associated as HTML
  Parameters: {"id"=>"1", "associated"=>"bars"}
Completed 200 OK in 0ms (Views: 0.3ms | ActiveRecord: 0.0ms)
Processing by TestMethodRouteController#remoted as HTML
  Parameters: {"id"=>"1", "remoted"=>"foo"}
Completed 200 OK in 1ms (Views: 0.5ms | ActiveRecord: 0.0ms)
Processing by TestAssociatedRoutesController#associated as HTML
  Parameters: {"associated"=>"bars"}
Completed 200 OK in 1ms (Views: 0.3ms | ActiveRecord: 0.0ms)
Processing by TestAssociatedRoutesController#associated as HTML
  Parameters: {"associated"=>"wibbles"}
Completed 200 OK in 0ms (Views: 0.2ms | ActiveRecord: 0.0ms)
Processing by TestAssociatedRoutesController#associated as HTML
  Parameters: {"associated"=>"bars"}
Completed 200 OK in 0ms (Views: 0.2ms | ActiveRecord: 0.0ms)
